<?xml version="1.0" encoding="UTF-8"?>
<!-- Generated by org.testng.reporters.JUnitXMLReporter -->
<testsuite hostname="DESKTOP-DT9EKH4" name="Default test" tests="3" failures="0" timestamp="2 Nov 2020 19:51:17 GMT" time="28.958" errors="0">
  <testcase name="CreatePostTest" time="5.43" classname="Exercise.FacebookTest"/>
  <testcase name="UpdatePostTest" time="2.246" classname="Exercise.FacebookTest"/>
  <testcase name="DeletePostTest" time="14.124" classname="Exercise.FacebookTest"/>
</testsuite> <!-- Default test -->
